c:\users\sacha\onedrive\documents\college\howest\gameplay-programming\gpp_exam\researchtopic\gpp_montecarlosearchtree\mcts_research\x64\release\mcts_research.pch
c:\users\sacha\onedrive\documents\college\howest\gameplay-programming\gpp_exam\researchtopic\gpp_montecarlosearchtree\mcts_research\x64\release\vc143.pdb
c:\users\sacha\onedrive\documents\college\howest\gameplay-programming\gpp_exam\researchtopic\gpp_montecarlosearchtree\mcts_research\x64\release\pch.obj
c:\users\sacha\onedrive\documents\college\howest\gameplay-programming\gpp_exam\researchtopic\gpp_montecarlosearchtree\mcts_research\x64\release\vector2f.obj
c:\users\sacha\onedrive\documents\college\howest\gameplay-programming\gpp_exam\researchtopic\gpp_montecarlosearchtree\mcts_research\x64\release\utils.obj
c:\users\sacha\onedrive\documents\college\howest\gameplay-programming\gpp_exam\researchtopic\gpp_montecarlosearchtree\mcts_research\x64\release\structs.obj
c:\users\sacha\onedrive\documents\college\howest\gameplay-programming\gpp_exam\researchtopic\gpp_montecarlosearchtree\mcts_research\x64\release\player.obj
c:\users\sacha\onedrive\documents\college\howest\gameplay-programming\gpp_exam\researchtopic\gpp_montecarlosearchtree\mcts_research\x64\release\montecarlotreesearch.obj
c:\users\sacha\onedrive\documents\college\howest\gameplay-programming\gpp_exam\researchtopic\gpp_montecarlosearchtree\mcts_research\x64\release\main.obj
c:\users\sacha\onedrive\documents\college\howest\gameplay-programming\gpp_exam\researchtopic\gpp_montecarlosearchtree\mcts_research\x64\release\game.obj
c:\users\sacha\onedrive\documents\college\howest\gameplay-programming\gpp_exam\researchtopic\gpp_montecarlosearchtree\mcts_research\x64\release\core.obj
c:\users\sacha\onedrive\documents\college\howest\gameplay-programming\gpp_exam\researchtopic\gpp_montecarlosearchtree\mcts_research\x64\release\board.obj
c:\users\sacha\onedrive\documents\college\howest\gameplay-programming\gpp_exam\researchtopic\gpp_montecarlosearchtree\mcts_research\x64\release\mcts_research.ipdb
c:\users\sacha\onedrive\documents\college\howest\gameplay-programming\gpp_exam\researchtopic\gpp_montecarlosearchtree\mcts_research\x64\release\mcts_research.iobj
c:\users\sacha\onedrive\documents\college\howest\gameplay-programming\gpp_exam\researchtopic\gpp_montecarlosearchtree\mcts_research\x64\release\libflac-8.dll
c:\users\sacha\onedrive\documents\college\howest\gameplay-programming\gpp_exam\researchtopic\gpp_montecarlosearchtree\mcts_research\x64\release\libfreetype-6.dll
c:\users\sacha\onedrive\documents\college\howest\gameplay-programming\gpp_exam\researchtopic\gpp_montecarlosearchtree\mcts_research\x64\release\libjpeg-9.dll
c:\users\sacha\onedrive\documents\college\howest\gameplay-programming\gpp_exam\researchtopic\gpp_montecarlosearchtree\mcts_research\x64\release\libmodplug-1.dll
c:\users\sacha\onedrive\documents\college\howest\gameplay-programming\gpp_exam\researchtopic\gpp_montecarlosearchtree\mcts_research\x64\release\libmpg123-0.dll
c:\users\sacha\onedrive\documents\college\howest\gameplay-programming\gpp_exam\researchtopic\gpp_montecarlosearchtree\mcts_research\x64\release\libogg-0.dll
c:\users\sacha\onedrive\documents\college\howest\gameplay-programming\gpp_exam\researchtopic\gpp_montecarlosearchtree\mcts_research\x64\release\libopus-0.dll
c:\users\sacha\onedrive\documents\college\howest\gameplay-programming\gpp_exam\researchtopic\gpp_montecarlosearchtree\mcts_research\x64\release\libopusfile-0.dll
c:\users\sacha\onedrive\documents\college\howest\gameplay-programming\gpp_exam\researchtopic\gpp_montecarlosearchtree\mcts_research\x64\release\libpng16-16.dll
c:\users\sacha\onedrive\documents\college\howest\gameplay-programming\gpp_exam\researchtopic\gpp_montecarlosearchtree\mcts_research\x64\release\libtiff-5.dll
c:\users\sacha\onedrive\documents\college\howest\gameplay-programming\gpp_exam\researchtopic\gpp_montecarlosearchtree\mcts_research\x64\release\libvorbis-0.dll
c:\users\sacha\onedrive\documents\college\howest\gameplay-programming\gpp_exam\researchtopic\gpp_montecarlosearchtree\mcts_research\x64\release\libvorbisfile-3.dll
c:\users\sacha\onedrive\documents\college\howest\gameplay-programming\gpp_exam\researchtopic\gpp_montecarlosearchtree\mcts_research\x64\release\libwebp-7.dll
c:\users\sacha\onedrive\documents\college\howest\gameplay-programming\gpp_exam\researchtopic\gpp_montecarlosearchtree\mcts_research\x64\release\sdl2.dll
c:\users\sacha\onedrive\documents\college\howest\gameplay-programming\gpp_exam\researchtopic\gpp_montecarlosearchtree\mcts_research\x64\release\sdl2_image.dll
c:\users\sacha\onedrive\documents\college\howest\gameplay-programming\gpp_exam\researchtopic\gpp_montecarlosearchtree\mcts_research\x64\release\sdl2_mixer.dll
c:\users\sacha\onedrive\documents\college\howest\gameplay-programming\gpp_exam\researchtopic\gpp_montecarlosearchtree\mcts_research\x64\release\sdl2_ttf.dll
c:\users\sacha\onedrive\documents\college\howest\gameplay-programming\gpp_exam\researchtopic\gpp_montecarlosearchtree\mcts_research\x64\release\zlib1.dll
c:\users\sacha\onedrive\documents\college\howest\gameplay-programming\gpp_exam\researchtopic\gpp_montecarlosearchtree\mcts_research\x64\release\mcts_research.pdb
c:\users\sacha\onedrive\documents\college\howest\gameplay-programming\gpp_exam\researchtopic\gpp_montecarlosearchtree\mcts_research\x64\release\mcts_research.exe
c:\users\sacha\onedrive\documents\college\howest\gameplay-programming\gpp_exam\researchtopic\gpp_montecarlosearchtree\mcts_research\x64\release\mcts_research.tlog\cl.command.1.tlog
c:\users\sacha\onedrive\documents\college\howest\gameplay-programming\gpp_exam\researchtopic\gpp_montecarlosearchtree\mcts_research\x64\release\mcts_research.tlog\cl.read.1.tlog
c:\users\sacha\onedrive\documents\college\howest\gameplay-programming\gpp_exam\researchtopic\gpp_montecarlosearchtree\mcts_research\x64\release\mcts_research.tlog\cl.write.1.tlog
c:\users\sacha\onedrive\documents\college\howest\gameplay-programming\gpp_exam\researchtopic\gpp_montecarlosearchtree\mcts_research\x64\release\mcts_research.tlog\link.command.1.tlog
c:\users\sacha\onedrive\documents\college\howest\gameplay-programming\gpp_exam\researchtopic\gpp_montecarlosearchtree\mcts_research\x64\release\mcts_research.tlog\link.read.1.tlog
c:\users\sacha\onedrive\documents\college\howest\gameplay-programming\gpp_exam\researchtopic\gpp_montecarlosearchtree\mcts_research\x64\release\mcts_research.tlog\link.write.1.tlog
c:\users\sacha\onedrive\documents\college\howest\gameplay-programming\gpp_exam\researchtopic\gpp_montecarlosearchtree\mcts_research\x64\release\mcts_research.tlog\link.write.2u.tlog
