c:\users\sacha\onedrive\documents\college\howest\gameplay-programming\gpp_exam\researchtopic\mcts_research\x64\debug\mcts_research.pch
c:\users\sacha\onedrive\documents\college\howest\gameplay-programming\gpp_exam\researchtopic\mcts_research\x64\debug\vc143.pdb
c:\users\sacha\onedrive\documents\college\howest\gameplay-programming\gpp_exam\researchtopic\mcts_research\x64\debug\vc143.idb
c:\users\sacha\onedrive\documents\college\howest\gameplay-programming\gpp_exam\researchtopic\mcts_research\x64\debug\pch.obj
c:\users\sacha\onedrive\documents\college\howest\gameplay-programming\gpp_exam\researchtopic\mcts_research\x64\debug\vector2f.obj
c:\users\sacha\onedrive\documents\college\howest\gameplay-programming\gpp_exam\researchtopic\mcts_research\x64\debug\utils.obj
c:\users\sacha\onedrive\documents\college\howest\gameplay-programming\gpp_exam\researchtopic\mcts_research\x64\debug\texture.obj
c:\users\sacha\onedrive\documents\college\howest\gameplay-programming\gpp_exam\researchtopic\mcts_research\x64\debug\svgparser.obj
c:\users\sacha\onedrive\documents\college\howest\gameplay-programming\gpp_exam\researchtopic\mcts_research\x64\debug\structs.obj
c:\users\sacha\onedrive\documents\college\howest\gameplay-programming\gpp_exam\researchtopic\mcts_research\x64\debug\soundstream.obj
c:\users\sacha\onedrive\documents\college\howest\gameplay-programming\gpp_exam\researchtopic\mcts_research\x64\debug\soundeffect.obj
c:\users\sacha\onedrive\documents\college\howest\gameplay-programming\gpp_exam\researchtopic\mcts_research\x64\debug\matrix2x3.obj
c:\users\sacha\onedrive\documents\college\howest\gameplay-programming\gpp_exam\researchtopic\mcts_research\x64\debug\main.obj
c:\users\sacha\onedrive\documents\college\howest\gameplay-programming\gpp_exam\researchtopic\mcts_research\x64\debug\core.obj
c:\users\sacha\onedrive\documents\college\howest\gameplay-programming\gpp_exam\researchtopic\mcts_research\x64\debug\board.obj
c:\users\sacha\onedrive\documents\college\howest\gameplay-programming\gpp_exam\researchtopic\mcts_research\x64\debug\game.obj
c:\users\sacha\onedrive\documents\college\howest\gameplay-programming\gpp_exam\researchtopic\mcts_research\x64\debug\player.obj
c:\users\sacha\onedrive\documents\college\howest\gameplay-programming\gpp_exam\researchtopic\mcts_research\x64\debug\mcts_research.exe
c:\users\sacha\onedrive\documents\college\howest\gameplay-programming\gpp_exam\researchtopic\mcts_research\x64\debug\mcts_research.ilk
c:\users\sacha\onedrive\documents\college\howest\gameplay-programming\gpp_exam\researchtopic\mcts_research\x64\debug\mcts_research.pdb
c:\users\sacha\onedrive\documents\college\howest\gameplay-programming\gpp_exam\researchtopic\mcts_research\x64\debug\libflac-8.dll
c:\users\sacha\onedrive\documents\college\howest\gameplay-programming\gpp_exam\researchtopic\mcts_research\x64\debug\libfreetype-6.dll
c:\users\sacha\onedrive\documents\college\howest\gameplay-programming\gpp_exam\researchtopic\mcts_research\x64\debug\libjpeg-9.dll
c:\users\sacha\onedrive\documents\college\howest\gameplay-programming\gpp_exam\researchtopic\mcts_research\x64\debug\libmodplug-1.dll
c:\users\sacha\onedrive\documents\college\howest\gameplay-programming\gpp_exam\researchtopic\mcts_research\x64\debug\libmpg123-0.dll
c:\users\sacha\onedrive\documents\college\howest\gameplay-programming\gpp_exam\researchtopic\mcts_research\x64\debug\libogg-0.dll
c:\users\sacha\onedrive\documents\college\howest\gameplay-programming\gpp_exam\researchtopic\mcts_research\x64\debug\libopus-0.dll
c:\users\sacha\onedrive\documents\college\howest\gameplay-programming\gpp_exam\researchtopic\mcts_research\x64\debug\libopusfile-0.dll
c:\users\sacha\onedrive\documents\college\howest\gameplay-programming\gpp_exam\researchtopic\mcts_research\x64\debug\libpng16-16.dll
c:\users\sacha\onedrive\documents\college\howest\gameplay-programming\gpp_exam\researchtopic\mcts_research\x64\debug\libtiff-5.dll
c:\users\sacha\onedrive\documents\college\howest\gameplay-programming\gpp_exam\researchtopic\mcts_research\x64\debug\libvorbis-0.dll
c:\users\sacha\onedrive\documents\college\howest\gameplay-programming\gpp_exam\researchtopic\mcts_research\x64\debug\libvorbisfile-3.dll
c:\users\sacha\onedrive\documents\college\howest\gameplay-programming\gpp_exam\researchtopic\mcts_research\x64\debug\libwebp-7.dll
c:\users\sacha\onedrive\documents\college\howest\gameplay-programming\gpp_exam\researchtopic\mcts_research\x64\debug\sdl2.dll
c:\users\sacha\onedrive\documents\college\howest\gameplay-programming\gpp_exam\researchtopic\mcts_research\x64\debug\sdl2_image.dll
c:\users\sacha\onedrive\documents\college\howest\gameplay-programming\gpp_exam\researchtopic\mcts_research\x64\debug\sdl2_mixer.dll
c:\users\sacha\onedrive\documents\college\howest\gameplay-programming\gpp_exam\researchtopic\mcts_research\x64\debug\sdl2_ttf.dll
c:\users\sacha\onedrive\documents\college\howest\gameplay-programming\gpp_exam\researchtopic\mcts_research\x64\debug\zlib1.dll
c:\users\sacha\onedrive\documents\college\howest\gameplay-programming\gpp_exam\researchtopic\mcts_research\x64\debug\mcts_research.tlog\cl.command.1.tlog
c:\users\sacha\onedrive\documents\college\howest\gameplay-programming\gpp_exam\researchtopic\mcts_research\x64\debug\mcts_research.tlog\cl.read.1.tlog
c:\users\sacha\onedrive\documents\college\howest\gameplay-programming\gpp_exam\researchtopic\mcts_research\x64\debug\mcts_research.tlog\cl.write.1.tlog
c:\users\sacha\onedrive\documents\college\howest\gameplay-programming\gpp_exam\researchtopic\mcts_research\x64\debug\mcts_research.tlog\link.command.1.tlog
c:\users\sacha\onedrive\documents\college\howest\gameplay-programming\gpp_exam\researchtopic\mcts_research\x64\debug\mcts_research.tlog\link.read.1.tlog
c:\users\sacha\onedrive\documents\college\howest\gameplay-programming\gpp_exam\researchtopic\mcts_research\x64\debug\mcts_research.tlog\link.write.1.tlog
